<?xml version="1.0" encoding="UTF-8"?>
<!-- Generated by org.testng.reporters.JUnitReportReporter -->
<testsuite hostname="HyperX" failures="0" tests="2" name="testng_Fundamentals.SoftAssert" time="0.011" errors="0" timestamp="2021-12-05T16:21:12 EST" skipped="0">
  <testcase classname="testng_Fundamentals.SoftAssert" name="midway" time="0.001"/>
  <system-out/>
  <testcase classname="testng_Fundamentals.SoftAssert" name="launch" time="0.010"/>
  <system-out/>
</testsuite> <!-- testng_Fundamentals.SoftAssert -->
